{"E:\\Github Projects\\Prompt Battles\\prompt-battles\\pages\\_app.tsx": {"path":"E:\\Github Projects\\Prompt Battles\\prompt-battles\\pages\\_app.tsx","statementMap":{"0":{"start":{"line":5,"column":0},"end":{"line":5,"column":24}},"1":{"start":{"line":3,"column":0},"end":{"line":3,"column":31}},"2":{"start":{"line":6,"column":1},"end":{"line":6,"column":37}}},"fnMap":{"0":{"name":"App","decl":{"start":{"line":5,"column":24},"end":{"line":5,"column":27}},"loc":{"start":{"line":5,"column":62},"end":{"line":7,"column":1}}}},"branchMap":{},"s":{"0":0,"1":0,"2":0},"f":{"0":0},"b":{}}
,"E:\\Github Projects\\Prompt Battles\\prompt-battles\\pages\\index.tsx": {"path":"E:\\Github Projects\\Prompt Battles\\prompt-battles\\pages\\index.tsx","statementMap":{"0":{"start":{"line":1,"column":1},"end":{"line":1,"column":25}},"1":{"start":{"line":2,"column":1},"end":{"line":7,"column":3}}},"fnMap":{"0":{"name":"Home","decl":{"start":{"line":1,"column":25},"end":{"line":1,"column":29}},"loc":{"start":{"line":1,"column":29},"end":{"line":8,"column":1}}}},"branchMap":{},"s":{"0":0,"1":0},"f":{"0":0},"b":{}}
,"E:\\Github Projects\\Prompt Battles\\prompt-battles\\pages\\api\\hello.ts": {"path":"E:\\Github Projects\\Prompt Battles\\prompt-battles\\pages\\api\\hello.ts","statementMap":{"0":{"start":{"line":4,"column":0},"end":{"line":4,"column":24}},"1":{"start":{"line":5,"column":1},"end":{"line":5,"column":68}}},"fnMap":{"0":{"name":"handler","decl":{"start":{"line":4,"column":24},"end":{"line":4,"column":31}},"loc":{"start":{"line":4,"column":73},"end":{"line":6,"column":1}}}},"branchMap":{},"s":{"0":0,"1":0},"f":{"0":0},"b":{}}
}
